[2025-04-23 13:16:42,353] multiqc.core.file_search                           [INFO   ]  Search path: /tmp/slurm/4965247/nxf.uO98lk6psk/F1-RNA-BS-030325_S47_L001_R1_001_fastqc.zip
[2025-04-23 13:16:42,353] multiqc.core.file_search                           [INFO   ]  Search path: /tmp/slurm/4965247/nxf.uO98lk6psk/Q1-RNA-BS-030325_S51_L001_R2_001_fastqc.zip
[2025-04-23 13:16:42,353] multiqc.core.file_search                           [INFO   ]  Search path: /tmp/slurm/4965247/nxf.uO98lk6psk/P3-RNA-BS-030325_S56_L001_R1_001_fastqc.zip
[2025-04-23 13:16:42,353] multiqc.core.file_search                           [INFO   ]  Search path: /tmp/slurm/4965247/nxf.uO98lk6psk/P3-RNA-BS-030325_S56_L001_R2_001_fastqc.zip
[2025-04-23 13:16:42,354] multiqc.core.file_search                           [INFO   ]  Search path: /tmp/slurm/4965247/nxf.uO98lk6psk/C1-RNA-BS-030325_S44_L001_R1_001_fastqc.zip
[2025-04-23 13:16:42,354] multiqc.core.file_search                           [INFO   ]  Search path: /tmp/slurm/4965247/nxf.uO98lk6psk/P2-RNA-BS-030325_S55_L001_R1_001_fastqc.zip
[2025-04-23 13:16:42,354] multiqc.core.file_search                           [INFO   ]  Search path: /tmp/slurm/4965247/nxf.uO98lk6psk/P2-RNA-BS-030325_S55_L001_R2_001_fastqc.zip
[2025-04-23 13:16:42,354] multiqc.core.file_search                           [INFO   ]  Search path: /tmp/slurm/4965247/nxf.uO98lk6psk/Q3-RNA-BS-030325_S53_L001_R1_001_fastqc.zip
[2025-04-23 13:16:42,354] multiqc.core.file_search                           [INFO   ]  Search path: /tmp/slurm/4965247/nxf.uO98lk6psk/P2-RNA-BS-030325_S2_L001_R2_001_fastqc.zip
[2025-04-23 13:16:42,354] multiqc.core.file_search                           [INFO   ]  Search path: /tmp/slurm/4965247/nxf.uO98lk6psk/F1-RNA-BS-030325_S47_L001_R2_001_fastqc.zip
[2025-04-23 13:16:42,354] multiqc.core.file_search                           [INFO   ]  Search path: /tmp/slurm/4965247/nxf.uO98lk6psk/Q3-RNA-BS-030325_S53_L001_R2_001_fastqc.zip
[2025-04-23 13:16:42,354] multiqc.core.file_search                           [INFO   ]  Search path: /tmp/slurm/4965247/nxf.uO98lk6psk/P2-RNA-BS-030325_S2_L001_R1_001_fastqc.zip
[2025-04-23 13:16:42,354] multiqc.core.file_search                           [INFO   ]  Search path: /tmp/slurm/4965247/nxf.uO98lk6psk/P1-RNA-BS-030325_S54_L001_R1_001_fastqc.zip
[2025-04-23 13:16:42,354] multiqc.core.file_search                           [INFO   ]  Search path: /tmp/slurm/4965247/nxf.uO98lk6psk/Q1-RNA-BS-030325_S51_L001_R1_001_fastqc.zip
[2025-04-23 13:16:42,354] multiqc.core.file_search                           [INFO   ]  Search path: /tmp/slurm/4965247/nxf.uO98lk6psk/P1-RNA-BS-030325_S54_L001_R2_001_fastqc.zip
[2025-04-23 13:16:42,354] multiqc.core.file_search                           [INFO   ]  Search path: /tmp/slurm/4965247/nxf.uO98lk6psk/C1-RNA-BS-030325_S44_L001_R2_001_fastqc.zip
[2025-04-23 13:16:42,354] multiqc.core.file_search                           [INFO   ]  Search path: /tmp/slurm/4965247/nxf.uO98lk6psk/F3-RNA-BS-030325_S49_L001_R2_001_fastqc.zip
[2025-04-23 13:16:42,354] multiqc.core.file_search                           [INFO   ]  Search path: /tmp/slurm/4965247/nxf.uO98lk6psk/L2-RNA-BS-030325_S58_L001_R2_001_fastqc.zip
[2025-04-23 13:16:42,354] multiqc.core.file_search                           [INFO   ]  Search path: /tmp/slurm/4965247/nxf.uO98lk6psk/Q2-RNA-BS-030325_S52_L001_R2_001_fastqc.zip
[2025-04-23 13:16:42,354] multiqc.core.file_search                           [INFO   ]  Search path: /tmp/slurm/4965247/nxf.uO98lk6psk/L1-RNA-BS-030325_S57_L001_R1_001_fastqc.zip
[2025-04-23 13:16:42,355] multiqc.core.file_search                           [INFO   ]  Search path: /tmp/slurm/4965247/nxf.uO98lk6psk/F3-RNA-BS-030325_S49_L001_R1_001_fastqc.zip
[2025-04-23 13:16:42,355] multiqc.core.file_search                           [INFO   ]  Search path: /tmp/slurm/4965247/nxf.uO98lk6psk/L3-RNA-BS-030325_S59_L001_R1_001_fastqc.zip
[2025-04-23 13:16:42,355] multiqc.core.file_search                           [INFO   ]  Search path: /tmp/slurm/4965247/nxf.uO98lk6psk/L2-RNA-BS-030325_S58_L001_R1_001_fastqc.zip
[2025-04-23 13:16:42,355] multiqc.core.file_search                           [INFO   ]  Search path: /tmp/slurm/4965247/nxf.uO98lk6psk/L3-RNA-BS-030325_S59_L001_R2_001_fastqc.zip
[2025-04-23 13:16:42,355] multiqc.core.file_search                           [INFO   ]  Search path: /tmp/slurm/4965247/nxf.uO98lk6psk/Q2-RNA-BS-030325_S52_L001_R1_001_fastqc.zip
[2025-04-23 13:16:42,355] multiqc.core.file_search                           [INFO   ]  Search path: /tmp/slurm/4965247/nxf.uO98lk6psk/L1-RNA-BS-030325_S57_L001_R2_001_fastqc.zip
[2025-04-23 13:16:42,355] multiqc.core.file_search                           [INFO   ]  Search path: /tmp/slurm/4965247/nxf.uO98lk6psk/F2-RNA-BS-030325_S48_L001_R2_001_fastqc.zip
[2025-04-23 13:16:42,355] multiqc.core.file_search                           [INFO   ]  Search path: /tmp/slurm/4965247/nxf.uO98lk6psk/C3-RNA-BS-030325_S46_L001_R2_001_fastqc.zip
[2025-04-23 13:16:42,355] multiqc.core.file_search                           [INFO   ]  Search path: /tmp/slurm/4965247/nxf.uO98lk6psk/C3-RNA-BS-030325_S46_L001_R1_001_fastqc.zip
[2025-04-23 13:16:42,355] multiqc.core.file_search                           [INFO   ]  Search path: /tmp/slurm/4965247/nxf.uO98lk6psk/F4-RNA-BS-030325_S50_L001_R1_001_fastqc.zip
[2025-04-23 13:16:42,355] multiqc.core.file_search                           [INFO   ]  Search path: /tmp/slurm/4965247/nxf.uO98lk6psk/F2-RNA-BS-030325_S48_L001_R1_001_fastqc.zip
[2025-04-23 13:16:42,355] multiqc.core.file_search                           [INFO   ]  Search path: /tmp/slurm/4965247/nxf.uO98lk6psk/Q3-RNA-BS-030325_S1_L001_R1_001_fastqc.zip
[2025-04-23 13:16:42,355] multiqc.core.file_search                           [INFO   ]  Search path: /tmp/slurm/4965247/nxf.uO98lk6psk/C2-RNA-BS-030325_S45_L001_R1_001_fastqc.zip
[2025-04-23 13:16:42,355] multiqc.core.file_search                           [INFO   ]  Search path: /tmp/slurm/4965247/nxf.uO98lk6psk/C2-RNA-BS-030325_S45_L001_R2_001_fastqc.zip
[2025-04-23 13:16:42,355] multiqc.core.file_search                           [INFO   ]  Search path: /tmp/slurm/4965247/nxf.uO98lk6psk/F4-RNA-BS-030325_S50_L001_R2_001_fastqc.zip
[2025-04-23 13:16:42,355] multiqc.core.file_search                           [INFO   ]  Search path: /tmp/slurm/4965247/nxf.uO98lk6psk/Q3-RNA-BS-030325_S1_L001_R2_001_fastqc.zip
[2025-04-23 13:16:42,356] multiqc.core.file_search                           [INFO   ]  Search path: /tmp/slurm/4965247/nxf.uO98lk6psk/P2-RNA-BS-030325_S2_L001_R1_trimmed_fastqc.zip
[2025-04-23 13:16:42,356] multiqc.core.file_search                           [INFO   ]  Search path: /tmp/slurm/4965247/nxf.uO98lk6psk/P2-RNA-BS-030325_S2_L001_R2_trimmed_fastqc.zip
[2025-04-23 13:16:42,356] multiqc.core.file_search                           [INFO   ]  Search path: /tmp/slurm/4965247/nxf.uO98lk6psk/Q3-RNA-BS-030325_S1_L001_R2_trimmed_fastqc.zip
[2025-04-23 13:16:42,356] multiqc.core.file_search                           [INFO   ]  Search path: /tmp/slurm/4965247/nxf.uO98lk6psk/Q3-RNA-BS-030325_S1_L001_R1_trimmed_fastqc.zip
[2025-04-23 13:16:42,356] multiqc.core.file_search                           [INFO   ]  Search path: /tmp/slurm/4965247/nxf.uO98lk6psk/P2-RNA-BS-030325_S55_L001_R2_trimmed_fastqc.zip
[2025-04-23 13:16:42,356] multiqc.core.file_search                           [INFO   ]  Search path: /tmp/slurm/4965247/nxf.uO98lk6psk/Q3-RNA-BS-030325_S53_L001_R1_trimmed_fastqc.zip
[2025-04-23 13:16:42,356] multiqc.core.file_search                           [INFO   ]  Search path: /tmp/slurm/4965247/nxf.uO98lk6psk/P2-RNA-BS-030325_S55_L001_R1_trimmed_fastqc.zip
[2025-04-23 13:16:42,356] multiqc.core.file_search                           [INFO   ]  Search path: /tmp/slurm/4965247/nxf.uO98lk6psk/Q3-RNA-BS-030325_S53_L001_R2_trimmed_fastqc.zip
[2025-04-23 13:16:42,356] multiqc.core.file_search                           [INFO   ]  Search path: /tmp/slurm/4965247/nxf.uO98lk6psk/P3-RNA-BS-030325_S56_L001_R2_trimmed_fastqc.zip
[2025-04-23 13:16:42,356] multiqc.core.file_search                           [INFO   ]  Search path: /tmp/slurm/4965247/nxf.uO98lk6psk/P3-RNA-BS-030325_S56_L001_R1_trimmed_fastqc.zip
[2025-04-23 13:16:42,356] multiqc.core.file_search                           [INFO   ]  Search path: /tmp/slurm/4965247/nxf.uO98lk6psk/P1-RNA-BS-030325_S54_L001_R2_trimmed_fastqc.zip
[2025-04-23 13:16:42,356] multiqc.core.file_search                           [INFO   ]  Search path: /tmp/slurm/4965247/nxf.uO98lk6psk/P1-RNA-BS-030325_S54_L001_R1_trimmed_fastqc.zip
[2025-04-23 13:16:42,356] multiqc.core.file_search                           [INFO   ]  Search path: /tmp/slurm/4965247/nxf.uO98lk6psk/Q2-RNA-BS-030325_S52_L001_R1_trimmed_fastqc.zip
[2025-04-23 13:16:42,356] multiqc.core.file_search                           [INFO   ]  Search path: /tmp/slurm/4965247/nxf.uO98lk6psk/Q2-RNA-BS-030325_S52_L001_R2_trimmed_fastqc.zip
[2025-04-23 13:16:42,356] multiqc.core.file_search                           [INFO   ]  Search path: /tmp/slurm/4965247/nxf.uO98lk6psk/L2-RNA-BS-030325_S58_L001_R1_trimmed_fastqc.zip
[2025-04-23 13:16:42,356] multiqc.core.file_search                           [INFO   ]  Search path: /tmp/slurm/4965247/nxf.uO98lk6psk/L2-RNA-BS-030325_S58_L001_R2_trimmed_fastqc.zip
[2025-04-23 13:16:42,357] multiqc.core.file_search                           [INFO   ]  Search path: /tmp/slurm/4965247/nxf.uO98lk6psk/F1-RNA-BS-030325_S47_L001_R2_trimmed_fastqc.zip
[2025-04-23 13:16:42,357] multiqc.core.file_search                           [INFO   ]  Search path: /tmp/slurm/4965247/nxf.uO98lk6psk/F1-RNA-BS-030325_S47_L001_R1_trimmed_fastqc.zip
[2025-04-23 13:16:42,357] multiqc.core.file_search                           [INFO   ]  Search path: /tmp/slurm/4965247/nxf.uO98lk6psk/C3-RNA-BS-030325_S46_L001_R2_trimmed_fastqc.zip
[2025-04-23 13:16:42,357] multiqc.core.file_search                           [INFO   ]  Search path: /tmp/slurm/4965247/nxf.uO98lk6psk/L3-RNA-BS-030325_S59_L001_R2_trimmed_fastqc.zip
[2025-04-23 13:16:42,357] multiqc.core.file_search                           [INFO   ]  Search path: /tmp/slurm/4965247/nxf.uO98lk6psk/L3-RNA-BS-030325_S59_L001_R1_trimmed_fastqc.zip
[2025-04-23 13:16:42,357] multiqc.core.file_search                           [INFO   ]  Search path: /tmp/slurm/4965247/nxf.uO98lk6psk/C3-RNA-BS-030325_S46_L001_R1_trimmed_fastqc.zip
[2025-04-23 13:16:42,357] multiqc.core.file_search                           [INFO   ]  Search path: /tmp/slurm/4965247/nxf.uO98lk6psk/F3-RNA-BS-030325_S49_L001_R1_trimmed_fastqc.zip
[2025-04-23 13:16:42,357] multiqc.core.file_search                           [INFO   ]  Search path: /tmp/slurm/4965247/nxf.uO98lk6psk/F3-RNA-BS-030325_S49_L001_R2_trimmed_fastqc.zip
[2025-04-23 13:16:42,357] multiqc.core.file_search                           [INFO   ]  Search path: /tmp/slurm/4965247/nxf.uO98lk6psk/L1-RNA-BS-030325_S57_L001_R1_trimmed_fastqc.zip
[2025-04-23 13:16:42,357] multiqc.core.file_search                           [INFO   ]  Search path: /tmp/slurm/4965247/nxf.uO98lk6psk/F4-RNA-BS-030325_S50_L001_R1_trimmed_fastqc.zip
[2025-04-23 13:16:42,357] multiqc.core.file_search                           [INFO   ]  Search path: /tmp/slurm/4965247/nxf.uO98lk6psk/L1-RNA-BS-030325_S57_L001_R2_trimmed_fastqc.zip
[2025-04-23 13:16:42,357] multiqc.core.file_search                           [INFO   ]  Search path: /tmp/slurm/4965247/nxf.uO98lk6psk/Q1-RNA-BS-030325_S51_L001_R1_trimmed_fastqc.zip
[2025-04-23 13:16:42,357] multiqc.core.file_search                           [INFO   ]  Search path: /tmp/slurm/4965247/nxf.uO98lk6psk/F4-RNA-BS-030325_S50_L001_R2_trimmed_fastqc.zip
[2025-04-23 13:16:42,357] multiqc.core.file_search                           [INFO   ]  Search path: /tmp/slurm/4965247/nxf.uO98lk6psk/C2-RNA-BS-030325_S45_L001_R1_trimmed_fastqc.zip
[2025-04-23 13:16:42,357] multiqc.core.file_search                           [INFO   ]  Search path: /tmp/slurm/4965247/nxf.uO98lk6psk/C2-RNA-BS-030325_S45_L001_R2_trimmed_fastqc.zip
[2025-04-23 13:16:42,357] multiqc.core.file_search                           [INFO   ]  Search path: /tmp/slurm/4965247/nxf.uO98lk6psk/Q1-RNA-BS-030325_S51_L001_R2_trimmed_fastqc.zip
[2025-04-23 13:16:42,358] multiqc.core.file_search                           [INFO   ]  Search path: /tmp/slurm/4965247/nxf.uO98lk6psk/F2-RNA-BS-030325_S48_L001_R2_trimmed_fastqc.zip
[2025-04-23 13:16:42,358] multiqc.core.file_search                           [INFO   ]  Search path: /tmp/slurm/4965247/nxf.uO98lk6psk/F2-RNA-BS-030325_S48_L001_R1_trimmed_fastqc.zip
[2025-04-23 13:16:42,358] multiqc.core.file_search                           [INFO   ]  Search path: /tmp/slurm/4965247/nxf.uO98lk6psk/C1-RNA-BS-030325_S44_L001_R2_trimmed_fastqc.zip
[2025-04-23 13:16:42,358] multiqc.core.file_search                           [INFO   ]  Search path: /tmp/slurm/4965247/nxf.uO98lk6psk/C1-RNA-BS-030325_S44_L001_R1_trimmed_fastqc.zip
[2025-04-23 13:16:45,120] multiqc.modules.fastqc.fastqc                      [INFO   ]  Found 72 reports
